 
****************************************
Report : area
Design : CarrySelectAdder
Version: U-2022.12-SP7
Date   : Tue Dec 12 13:47:07 2023
****************************************

Information: Updating design information... (UID-85)
Library(s) Used:

    saed90nm_typ_ht (File: /home/user55/Downloads/Lab4/ref/models/saed90nm_typ_ht.db)

Number of ports:                          418
Number of nets:                           616
Number of cells:                          295
Number of combinational cells:            229
Number of sequential cells:                 0
Number of macros/black boxes:               0
Number of buf/inv:                          4
Number of references:                      66

Combinational area:               2953.728015
Buf/Inv area:                       22.118401
Noncombinational area:               0.000000
Macro/Black Box area:                0.000000
Net Interconnect area:             119.973727

Total cell area:                  2953.728015
Total area:                       3073.701742
1
