Warning: Design 'CarryLookahead32Bit' has '1' unresolved references. For more detailed information, use the "link" command. (UID-341)
 
****************************************
Report : qor
Design : CarryLookahead32Bit
Version: U-2022.12-SP7
Date   : Tue Dec 12 14:04:57 2023
****************************************


  Timing Path Group 'vsysclk'
  -----------------------------------
  Levels of Logic:              64.00
  Critical Path Length:          9.23
  Critical Path Slack:           9.27
  Critical Path Clk Period:     20.00
  Total Negative Slack:          0.00
  No. of Violating Paths:        0.00
  Worst Hold Violation:          0.00
  Total Hold Violation:          0.00
  No. of Hold Violations:        0.00
  -----------------------------------


  Cell Count
  -----------------------------------
  Hierarchical Cell Count:          0
  Hierarchical Port Count:          0
  Leaf Cell Count:                158
  Buf/Inv Cell Count:               0
  Buf Cell Count:                   0
  Inv Cell Count:                   0
  CT Buf/Inv Cell Count:            0
  Combinational Cell Count:       158
  Sequential Cell Count:            0
  Macro Count:                      0
  -----------------------------------


  Area
  -----------------------------------
  Combinational Area:     1133.567999
  Noncombinational Area:     0.000000
  Buf/Inv Area:              0.000000
  Total Buffer Area:             0.00
  Total Inverter Area:           0.00
  Macro/Black Box Area:      0.000000
  Net Area:                 80.135758
  -----------------------------------
  Cell Area:              1133.567999
  Design Area:            1213.703757


  Design Rules
  -----------------------------------
  Total Number of Nets:           224
  Nets With Violations:             0
  Max Trans Violations:             0
  Max Cap Violations:               0
  -----------------------------------


  Hostname: ip-172-31-17-209.ec2.internal

  Compile CPU Statistics
  -----------------------------------------
  Resource Sharing:                    0.00
  Logic Optimization:                  0.06
  Mapping Optimization:                0.09
  -----------------------------------------
  Overall Compile Time:                0.47
  Overall Compile Wall Clock Time:     0.70

  --------------------------------------------------------------------

  Design  WNS: 0.00  TNS: 0.00  Number of Violating Paths: 0


  Design (Hold)  WNS: 0.00  TNS: 0.00  Number of Violating Paths: 0

  --------------------------------------------------------------------


1
