Warning: Design 'CarryLookahead32Bit' has '1' unresolved references. For more detailed information, use the "link" command. (UID-341)
 
****************************************
Report : area
Design : CarryLookahead32Bit
Version: U-2022.12-SP7
Date   : Tue Dec 12 14:04:57 2023
****************************************

Information: Updating design information... (UID-85)
Library(s) Used:

    saed90nm_typ_ht (File: /home/user55/Downloads/Lab4/ref/models/saed90nm_typ_ht.db)

Number of ports:                           98
Number of nets:                           224
Number of cells:                          158
Number of combinational cells:            126
Number of sequential cells:                32
Number of macros/black boxes:               0
Number of buf/inv:                          0
Number of references:                       5

Combinational area:               1133.567999
Buf/Inv area:                        0.000000
Noncombinational area:               0.000000
Macro/Black Box area:                0.000000
Net Interconnect area:              80.135758

Total cell area:                  1133.567999
Total area:                       1213.703757

Information: This design contains black box (unknown) components. (RPT-8)
1
