 
****************************************
Report : area
Design : WallaceTreeMultiplier
Version: U-2022.12-SP7
Date   : Sun Dec 24 12:12:45 2023
****************************************

Information: Updating design information... (UID-85)
Library(s) Used:

    NangateOpenCellLibrary_ss0p95vn40c (File: /home/user55/Documents/NangateOpenCellLibrary_PDKv1_3_v2010_12/lib/Front_End/Liberty/NLDM/NangateOpenCellLibrary_ss0p95vn40c.db)

Number of ports:                         6730
Number of nets:                         10300
Number of cells:                         3779
Number of combinational cells:           3397
Number of sequential cells:               128
Number of macros/black boxes:               0
Number of buf/inv:                        490
Number of references:                       4

Combinational area:               7433.902020
Buf/Inv area:                      330.371996
Noncombinational area:             578.815979
Macro/Black Box area:                0.000000
Net Interconnect area:      undefined  (Wire load has zero net area)

Total cell area:                  8012.717999
Total area:                 undefined
1
