Loading db file '/home/user55/Documents/NangateOpenCellLibrary_PDKv1_3_v2010_12/lib/Front_End/Liberty/NLDM/NangateOpenCellLibrary_ss0p95vn40c.db'
Information: Propagating switching activity (low effort zero delay simulation). (PWR-6)
Warning: Design has unannotated primary inputs. (PWR-414)
Warning: Design has unannotated sequential cell outputs. (PWR-415)
 
****************************************
Report : power
        -analysis_effort low
Design : WallaceTreeMultiplier
Version: U-2022.12-SP7
Date   : Sun Dec 24 12:12:46 2023
****************************************


Library(s) Used:

    NangateOpenCellLibrary_ss0p95vn40c (File: /home/user55/Documents/NangateOpenCellLibrary_PDKv1_3_v2010_12/lib/Front_End/Liberty/NLDM/NangateOpenCellLibrary_ss0p95vn40c.db)


Operating Conditions: worst_low   Library: NangateOpenCellLibrary_ss0p95vn40c
Wire Load Model Mode: top

Design        Wire Load Model            Library
------------------------------------------------
WallaceTreeMultiplier  5K_hvratio_1_1    NangateOpenCellLibrary_ss0p95vn40c


Global Operating Voltage = 0.95 
Power-specific unit information :
    Voltage Units = 1V
    Capacitance Units = 1.000000ff
    Time Units = 1ns
    Dynamic Power Units = 1uW    (derived from V,C,T units)
    Leakage Power Units = 1nW


Attributes
----------
i - Including register clock pin internal power


  Cell Internal Power  = 106.3189 uW   (58%)
  Net Switching Power  =  76.7006 uW   (42%)
                         ---------
Total Dynamic Power    = 183.0195 uW  (100%)

Cell Leakage Power     =  31.4906 uW


                 Internal         Switching           Leakage            Total
Power Group      Power            Power               Power              Power   (   %    )  Attrs
--------------------------------------------------------------------------------------------------
io_pad             0.0000            0.0000            0.0000            0.0000  (   0.00%)
memory             0.0000            0.0000            0.0000            0.0000  (   0.00%)
black_box          0.0000            0.0000            0.0000            0.0000  (   0.00%)
clock_network     27.1964            0.0000            0.0000           27.1964  (  12.68%)  i
register           7.8698            4.8719        2.1482e+03           14.8899  (   6.94%)
sequential         0.0000            0.0000            0.0000            0.0000  (   0.00%)
combinational     71.2527           71.8288        2.9342e+04          172.4237  (  80.38%)
--------------------------------------------------------------------------------------------------
Total            106.3189 uW        76.7007 uW     3.1491e+04 nW       214.5100 uW
1
