 
****************************************
Report : cell
Design : SyncSequentialMultiplier
Version: U-2022.12-SP7
Date   : Sun Dec 24 12:11:26 2023
****************************************

Attributes:
    b - black box (unknown)
    h - hierarchical
    n - noncombinational
    r - removable
    u - contains unmapped logic

Cell                      Reference       Library             Area  Attributes
--------------------------------------------------------------------------------
registerIn1               Register32bit_2                 181.677995
                                                                    h, n
registerIn2               Register32bit_3                 181.677995
                                                                    h, n
registerOut               Register64bit                   364.419990
                                                                    h, n
seqM                      SequentialMultiplier            5453.798006
                                                                    h
--------------------------------------------------------------------------------
Total 4 cells                                             6181.573987
1
