 
****************************************
Report : cell
Design : SimpleMultiplier
Version: U-2022.12-SP7
Date   : Sun Dec 24 12:17:49 2023
****************************************

Attributes:
   BO - reference allows boundary optimization
    b - black box (unknown)
    h - hierarchical
    n - noncombinational
    r - removable
    u - contains unmapped logic

Cell                      Reference       Library             Area  Attributes
--------------------------------------------------------------------------------
mult_29                   SimpleMultiplier_DW02_mult_0    5320.266008
                                                                    BO, h
registerIn1               Register32bit_0                 181.677995
                                                                    h, n
registerIn2               Register32bit_1                 181.677995
                                                                    h, n
registerOut               Register64bit                   364.419990
                                                                    h, n
--------------------------------------------------------------------------------
Total 4 cells                                             6048.041988
1
