 
****************************************
Report : area
Design : SimpleMultiplier
Version: U-2022.12-SP7
Date   : Sun Dec 24 12:17:49 2023
****************************************

Information: Updating design information... (UID-85)
Library(s) Used:

    NangateOpenCellLibrary_ss0p95vn40c (File: /home/user55/Documents/NangateOpenCellLibrary_PDKv1_3_v2010_12/lib/Front_End/Liberty/NLDM/NangateOpenCellLibrary_ss0p95vn40c.db)

Number of ports:                          709
Number of nets:                          4354
Number of cells:                         2819
Number of combinational cells:           2682
Number of sequential cells:               128
Number of macros/black boxes:               0
Number of buf/inv:                        309
Number of references:                       4

Combinational area:               5469.226009
Buf/Inv area:                      219.183996
Noncombinational area:             578.815979
Macro/Black Box area:                0.000000
Net Interconnect area:      undefined  (Wire load has zero net area)

Total cell area:                  6048.041988
Total area:                 undefined
1
