 
****************************************
Report : resources
Design : SimpleMultiplier
Version: U-2022.12-SP7
Date   : Sun Dec 24 12:17:49 2023
****************************************

Resource Sharing Report for design SimpleMultiplier in file
        ../rtl/SimpleMultiplier.v

===============================================================================
|          |              |            | Contained     |                      |
| Resource | Module       | Parameters | Resources     | Contained Operations |
===============================================================================
| r155     | DW02_mult    | A_width=32 |               | mult_29              |
|          |              | B_width=32 |               |                      |
===============================================================================


Implementation Report
===============================================================================
|                    |                  | Current            | Set            |
| Cell               | Module           | Implementation     | Implementation |
===============================================================================
| mult_29            | DW02_mult        | csa                |                |
===============================================================================

1
