 
****************************************
Report : cell
Design : NormalAdder
Version: U-2022.12-SP7
Date   : Tue Dec 12 13:10:05 2023
****************************************

Attributes:
   BO - reference allows boundary optimization
    b - black box (unknown)
    h - hierarchical
    n - noncombinational
    r - removable
    u - contains unmapped logic

Cell                      Reference       Library             Area  Attributes
--------------------------------------------------------------------------------
add_7                     NormalAdder_DW01_add_0          935.423985
                                                                    BO, h
--------------------------------------------------------------------------------
Total 1 cells                                             935.423985
1
