 
****************************************
Report : cell
Design : SyncBoothMultiplier
Version: U-2022.12-SP7
Date   : Sun Dec 24 12:29:43 2023
****************************************

Attributes:
    b - black box (unknown)
    h - hierarchical
    n - noncombinational
    r - removable
    u - contains unmapped logic

Cell                      Reference       Library             Area  Attributes
--------------------------------------------------------------------------------
BM                        BoothMultiplier                 12278.560092
                                                                    h
registerIn1               Register32bit_6                 181.677995
                                                                    h, n
registerIn2               Register32bit_7                 181.677995
                                                                    h, n
registerOut               Register64bit                   364.419990
                                                                    h, n
--------------------------------------------------------------------------------
Total 4 cells                                             13006.336072
1
