Information: Propagating switching activity (low effort zero delay simulation). (PWR-6)
Warning: Design has unannotated primary inputs. (PWR-414)
Warning: Design has unannotated sequential cell outputs. (PWR-415)
 
****************************************
Report : power
        -analysis_effort low
Design : SyncBoothMultiplier
Version: U-2022.12-SP7
Date   : Sun Dec 24 12:29:44 2023
****************************************


Library(s) Used:

    NangateOpenCellLibrary_ss0p95vn40c (File: /home/user55/Documents/NangateOpenCellLibrary_PDKv1_3_v2010_12/lib/Front_End/Liberty/NLDM/NangateOpenCellLibrary_ss0p95vn40c.db)


Operating Conditions: worst_low   Library: NangateOpenCellLibrary_ss0p95vn40c
Wire Load Model Mode: top

Design        Wire Load Model            Library
------------------------------------------------
SyncBoothMultiplier    5K_hvratio_1_1    NangateOpenCellLibrary_ss0p95vn40c


Global Operating Voltage = 0.95 
Power-specific unit information :
    Voltage Units = 1V
    Capacitance Units = 1.000000ff
    Time Units = 1ns
    Dynamic Power Units = 1uW    (derived from V,C,T units)
    Leakage Power Units = 1nW


Attributes
----------
i - Including register clock pin internal power


  Cell Internal Power  = 218.9480 uW   (55%)
  Net Switching Power  = 182.2914 uW   (45%)
                         ---------
Total Dynamic Power    = 401.2394 uW  (100%)

Cell Leakage Power     =  49.1389 uW


                 Internal         Switching           Leakage            Total
Power Group      Power            Power               Power              Power   (   %    )  Attrs
--------------------------------------------------------------------------------------------------
io_pad             0.0000            0.0000            0.0000            0.0000  (   0.00%)
memory             0.0000            0.0000            0.0000            0.0000  (   0.00%)
black_box          0.0000            0.0000            0.0000            0.0000  (   0.00%)
clock_network     27.2884            0.0000            0.0000           27.2884  (   6.06%)  i
register           7.8894            4.7735        2.1486e+03           14.8115  (   3.29%)
sequential         0.0000            0.0000            0.0000            0.0000  (   0.00%)
combinational    183.7697          177.5173        4.6990e+04          408.2785  (  90.65%)
--------------------------------------------------------------------------------------------------
Total            218.9475 uW       182.2908 uW     4.9139e+04 nW       450.3784 uW
1
