 
****************************************
Report : cell
Design : sync_fpm
Version: U-2022.12-SP7
Date   : Sun Dec 24 12:27:23 2023
****************************************

Attributes:
    b - black box (unknown)
    h - hierarchical
    n - noncombinational
    r - removable
    u - contains unmapped logic

Cell                      Reference       Library             Area  Attributes
--------------------------------------------------------------------------------
FloatingPointMultiplier   fpm                             4418.260013
                                                                    h
U6                        INV_X1          NangateOpenCellLibrary_ss0p95vn40c
                                                          0.532000  
U7                        INV_X1          NangateOpenCellLibrary_ss0p95vn40c
                                                          0.532000  
U8                        INV_X1          NangateOpenCellLibrary_ss0p95vn40c
                                                          0.532000  
additional1_reg           DFF_X1          NangateOpenCellLibrary_ss0p95vn40c
                                                          4.522000  n
additional2_reg           DFF_X1          NangateOpenCellLibrary_ss0p95vn40c
                                                          4.522000  n
inputRegister             Register64bit                   364.419990
                                                                    h, n
isZeroOut_reg             DFF_X1          NangateOpenCellLibrary_ss0p95vn40c
                                                          4.522000  n
outRegister               Register32bit                   181.677995
                                                                    h, n
--------------------------------------------------------------------------------
Total 9 cells                                             4979.519998
1
