Warning: Design 'CarryLookahead32Bit' has '1' unresolved references. For more detailed information, use the "link" command. (UID-341)
 
****************************************
Report : cell
Design : CarryLookahead32Bit
Version: U-2022.12-SP7
Date   : Tue Dec 12 14:04:57 2023
****************************************

Attributes:
    b - black box (unknown)
    h - hierarchical
    n - noncombinational
    r - removable
   so - sizing only
    u - contains unmapped logic

Cell                      Reference       Library             Area  Attributes
--------------------------------------------------------------------------------
C166                      OR2X1           saed90nm_typ_ht 7.372800  so
C168                      OR2X1           saed90nm_typ_ht 7.372800  so
C170                      OR2X1           saed90nm_typ_ht 7.372800  so
C172                      OR2X1           saed90nm_typ_ht 7.372800  so
C174                      OR2X1           saed90nm_typ_ht 7.372800  so
C176                      OR2X1           saed90nm_typ_ht 7.372800  so
C178                      OR2X1           saed90nm_typ_ht 7.372800  so
C180                      OR2X1           saed90nm_typ_ht 7.372800  so
C182                      OR2X1           saed90nm_typ_ht 7.372800  so
C184                      OR2X1           saed90nm_typ_ht 7.372800  so
C186                      OR2X1           saed90nm_typ_ht 7.372800  so
C188                      OR2X1           saed90nm_typ_ht 7.372800  so
C190                      OR2X1           saed90nm_typ_ht 7.372800  so
C192                      OR2X1           saed90nm_typ_ht 7.372800  so
C194                      OR2X1           saed90nm_typ_ht 7.372800  so
C196                      OR2X1           saed90nm_typ_ht 7.372800  so
C198                      OR2X1           saed90nm_typ_ht 7.372800  so
C200                      OR2X1           saed90nm_typ_ht 7.372800  so
C202                      OR2X1           saed90nm_typ_ht 7.372800  so
C204                      OR2X1           saed90nm_typ_ht 7.372800  so
C206                      OR2X1           saed90nm_typ_ht 7.372800  so
C208                      OR2X1           saed90nm_typ_ht 7.372800  so
C210                      OR2X1           saed90nm_typ_ht 7.372800  so
C212                      OR2X1           saed90nm_typ_ht 7.372800  so
C214                      OR2X1           saed90nm_typ_ht 7.372800  so
C216                      OR2X1           saed90nm_typ_ht 7.372800  so
C218                      OR2X1           saed90nm_typ_ht 7.372800  so
C220                      OR2X1           saed90nm_typ_ht 7.372800  so
C222                      OR2X1           saed90nm_typ_ht 7.372800  so
C224                      OR2X1           saed90nm_typ_ht 7.372800  so
C226                      OR2X1           saed90nm_typ_ht 7.372800  so
FA0                       FullAdder                       0.000000  b
FA1                       FullAdder                       0.000000  b
FA2                       FullAdder                       0.000000  b
FA3                       FullAdder                       0.000000  b
FA4                       FullAdder                       0.000000  b
FA5                       FullAdder                       0.000000  b
FA6                       FullAdder                       0.000000  b
FA7                       FullAdder                       0.000000  b
FA8                       FullAdder                       0.000000  b
FA9                       FullAdder                       0.000000  b
FA10                      FullAdder                       0.000000  b
FA11                      FullAdder                       0.000000  b
FA12                      FullAdder                       0.000000  b
FA13                      FullAdder                       0.000000  b
FA14                      FullAdder                       0.000000  b
FA15                      FullAdder                       0.000000  b
FA16                      FullAdder                       0.000000  b
FA17                      FullAdder                       0.000000  b
FA18                      FullAdder                       0.000000  b
FA19                      FullAdder                       0.000000  b
FA20                      FullAdder                       0.000000  b
FA21                      FullAdder                       0.000000  b
FA22                      FullAdder                       0.000000  b
FA23                      FullAdder                       0.000000  b
FA24                      FullAdder                       0.000000  b
FA25                      FullAdder                       0.000000  b
FA26                      FullAdder                       0.000000  b
FA27                      FullAdder                       0.000000  b
FA28                      FullAdder                       0.000000  b
FA29                      FullAdder                       0.000000  b
FA30                      FullAdder                       0.000000  b
FA31                      FullAdder                       0.000000  b
U1                        AND2X1          saed90nm_typ_ht 7.372800  
U2                        XOR2X1          saed90nm_typ_ht 13.824000 
U3                        AND2X1          saed90nm_typ_ht 7.372800  
U4                        XOR2X1          saed90nm_typ_ht 13.824000 
U5                        AND2X1          saed90nm_typ_ht 7.372800  
U6                        XOR2X1          saed90nm_typ_ht 13.824000 
U7                        AND2X1          saed90nm_typ_ht 7.372800  
U8                        XOR2X1          saed90nm_typ_ht 13.824000 
U9                        AND2X1          saed90nm_typ_ht 7.372800  
U10                       XOR2X1          saed90nm_typ_ht 13.824000 
U11                       AND2X1          saed90nm_typ_ht 7.372800  
U12                       XOR2X1          saed90nm_typ_ht 13.824000 
U13                       AND2X1          saed90nm_typ_ht 7.372800  
U14                       XOR2X1          saed90nm_typ_ht 13.824000 
U15                       AND2X1          saed90nm_typ_ht 7.372800  
U16                       XOR2X1          saed90nm_typ_ht 13.824000 
U17                       AND2X1          saed90nm_typ_ht 7.372800  
U18                       XOR2X1          saed90nm_typ_ht 13.824000 
U19                       AND2X1          saed90nm_typ_ht 7.372800  
U20                       XOR2X1          saed90nm_typ_ht 13.824000 
U21                       AND2X1          saed90nm_typ_ht 7.372800  
U22                       XOR2X1          saed90nm_typ_ht 13.824000 
U23                       AND2X1          saed90nm_typ_ht 7.372800  
U24                       XOR2X1          saed90nm_typ_ht 13.824000 
U25                       AND2X1          saed90nm_typ_ht 7.372800  
U26                       XOR2X1          saed90nm_typ_ht 13.824000 
U27                       AND2X1          saed90nm_typ_ht 7.372800  
U28                       XOR2X1          saed90nm_typ_ht 13.824000 
U29                       AND2X1          saed90nm_typ_ht 7.372800  
U30                       XOR2X1          saed90nm_typ_ht 13.824000 
U31                       AND2X1          saed90nm_typ_ht 7.372800  
U32                       XOR2X1          saed90nm_typ_ht 13.824000 
U33                       AND2X1          saed90nm_typ_ht 7.372800  
U34                       XOR2X1          saed90nm_typ_ht 13.824000 
U35                       AND2X1          saed90nm_typ_ht 7.372800  
U36                       XOR2X1          saed90nm_typ_ht 13.824000 
U37                       AND2X1          saed90nm_typ_ht 7.372800  
U38                       XOR2X1          saed90nm_typ_ht 13.824000 
U39                       AND2X1          saed90nm_typ_ht 7.372800  
U40                       XOR2X1          saed90nm_typ_ht 13.824000 
U41                       AND2X1          saed90nm_typ_ht 7.372800  
U42                       XOR2X1          saed90nm_typ_ht 13.824000 
U43                       AND2X1          saed90nm_typ_ht 7.372800  
U44                       XOR2X1          saed90nm_typ_ht 13.824000 
U45                       AND2X1          saed90nm_typ_ht 7.372800  
U46                       XOR2X1          saed90nm_typ_ht 13.824000 
U47                       AND2X1          saed90nm_typ_ht 7.372800  
U48                       XOR2X1          saed90nm_typ_ht 13.824000 
U49                       AND2X1          saed90nm_typ_ht 7.372800  
U50                       XOR2X1          saed90nm_typ_ht 13.824000 
U51                       AND2X1          saed90nm_typ_ht 7.372800  
U52                       XOR2X1          saed90nm_typ_ht 13.824000 
U53                       AND2X1          saed90nm_typ_ht 7.372800  
U54                       XOR2X1          saed90nm_typ_ht 13.824000 
U55                       AND2X1          saed90nm_typ_ht 7.372800  
U56                       XOR2X1          saed90nm_typ_ht 13.824000 
U57                       AND2X1          saed90nm_typ_ht 7.372800  
U58                       XOR2X1          saed90nm_typ_ht 13.824000 
U59                       AND2X1          saed90nm_typ_ht 7.372800  
U60                       XOR2X1          saed90nm_typ_ht 13.824000 
U61                       AND2X1          saed90nm_typ_ht 7.372800  
U62                       XOR2X1          saed90nm_typ_ht 13.824000 
U63                       AND2X1          saed90nm_typ_ht 7.372800  
U64                       AND2X1          saed90nm_typ_ht 7.372800  
U65                       AND2X1          saed90nm_typ_ht 7.372800  
U66                       AND2X1          saed90nm_typ_ht 7.372800  
U67                       AND2X1          saed90nm_typ_ht 7.372800  
U68                       AND2X1          saed90nm_typ_ht 7.372800  
U69                       AND2X1          saed90nm_typ_ht 7.372800  
U70                       AND2X1          saed90nm_typ_ht 7.372800  
U71                       AND2X1          saed90nm_typ_ht 7.372800  
U72                       AND2X1          saed90nm_typ_ht 7.372800  
U73                       AND2X1          saed90nm_typ_ht 7.372800  
U74                       AND2X1          saed90nm_typ_ht 7.372800  
U75                       AND2X1          saed90nm_typ_ht 7.372800  
U76                       AND2X1          saed90nm_typ_ht 7.372800  
U77                       AND2X1          saed90nm_typ_ht 7.372800  
U78                       AND2X1          saed90nm_typ_ht 7.372800  
U79                       AND2X1          saed90nm_typ_ht 7.372800  
U80                       AND2X1          saed90nm_typ_ht 7.372800  
U81                       AND2X1          saed90nm_typ_ht 7.372800  
U82                       AND2X1          saed90nm_typ_ht 7.372800  
U83                       AND2X1          saed90nm_typ_ht 7.372800  
U84                       AND2X1          saed90nm_typ_ht 7.372800  
U85                       AND2X1          saed90nm_typ_ht 7.372800  
U86                       AND2X1          saed90nm_typ_ht 7.372800  
U87                       AND2X1          saed90nm_typ_ht 7.372800  
U88                       AND2X1          saed90nm_typ_ht 7.372800  
U89                       AND2X1          saed90nm_typ_ht 7.372800  
U90                       AND2X1          saed90nm_typ_ht 7.372800  
U91                       AND2X1          saed90nm_typ_ht 7.372800  
U92                       AND2X1          saed90nm_typ_ht 7.372800  
U93                       AND2X1          saed90nm_typ_ht 7.372800  
U94                       AO22X1          saed90nm_typ_ht 11.980800 
U95                       OR2X1           saed90nm_typ_ht 7.372800  
--------------------------------------------------------------------------------
Total 158 cells                                           1133.567999
1
