 
****************************************
Report : area
Design : NormalAdder
Version: U-2022.12-SP7
Date   : Tue Dec 12 13:10:05 2023
****************************************

Information: Updating design information... (UID-85)
Library(s) Used:

    saed90nm_typ_ht (File: /home/user55/Downloads/Lab4/ref/models/saed90nm_typ_ht.db)

Number of ports:                          194
Number of nets:                           224
Number of cells:                           35
Number of combinational cells:             33
Number of sequential cells:                 0
Number of macros/black boxes:               0
Number of buf/inv:                          0
Number of references:                       1

Combinational area:                935.423985
Buf/Inv area:                        0.000000
Noncombinational area:               0.000000
Macro/Black Box area:                0.000000
Net Interconnect area:              18.061531

Total cell area:                   935.423985
Total area:                        953.485516
1
