 
****************************************
Report : area
Design : sync_fpm
Version: U-2022.12-SP7
Date   : Sun Dec 24 18:39:32 2023
****************************************

Information: Updating design information... (UID-85)
Library(s) Used:

    NangateOpenCellLibrary_ss0p95vn40c (File: /home/user55/Documents/NangateOpenCellLibrary_PDKv1_3_v2010_12/lib/Front_End/Liberty/NLDM/NangateOpenCellLibrary_ss0p95vn40c.db)

Number of ports:                          695
Number of nets:                          3658
Number of cells:                         2480
Number of combinational cells:           2369
Number of sequential cells:                96
Number of macros/black boxes:               0
Number of buf/inv:                        264
Number of references:                       3

Combinational area:               4486.090015
Buf/Inv area:                      159.067999
Noncombinational area:             434.111984
Macro/Black Box area:                0.000000
Net Interconnect area:      undefined  (Wire load has zero net area)

Total cell area:                  4920.202000
Total area:                 undefined
1
