 
****************************************
Report : cell
Design : sync_fpm
Version: U-2022.12-SP7
Date   : Sun Dec 24 18:39:32 2023
****************************************

Attributes:
    b - black box (unknown)
    h - hierarchical
    n - noncombinational
    r - removable
    u - contains unmapped logic

Cell                      Reference       Library             Area  Attributes
--------------------------------------------------------------------------------
FloatingPointMultiplier   fpm                             4374.104015
                                                                    h
inputRegister             Register64bit                   364.419990
                                                                    h, n
outRegister               Register32bit                   181.677995
                                                                    h, n
--------------------------------------------------------------------------------
Total 3 cells                                             4920.202000
1
