Warning: Design 'fpu' has '115' unresolved references. For more detailed information, use the "link" command. (UID-341)
 
****************************************
Report : area
Design : fpu
Version: U-2022.12-SP7
Date   : Tue Dec 12 15:59:38 2023
****************************************

Information: Updating design information... (UID-85)
Library(s) Used:

    saed90nm_typ_ht (File: /home/user6/Downloads/Lab4/ref/models/saed90nm_typ_ht.db)

Number of ports:                          289
Number of nets:                          2875
Number of cells:                         2627
Number of combinational cells:           2506
Number of sequential cells:               115
Number of macros/black boxes:               0
Number of buf/inv:                        676
Number of references:                      58

Combinational area:              19705.651373
Buf/Inv area:                     4004.352087
Noncombinational area:               0.000000
Macro/Black Box area:                0.000000
Net Interconnect area:            1399.853107

Total cell area:                 19705.651373
Total area:                      21105.504481
1
