Warning: Design 'fpu' has '115' unresolved references. For more detailed information, use the "link" command. (UID-341)
====================================================================================================
| Flow Information                                                                                 |
----------------------------------------------------------------------------------------------------
| Flow         | Design Compiler                                                                   |
====================================================================================================
| Design Information                                      | Value                                  |
====================================================================================================
| Number of Scenarios                                     | 0                                      |
| Leaf Cell Count                                         | 508                                    |
| Number of User Hierarchies                              | 1                                      |
| Sequential Cell Count                                   | 0                                      |
| Macro Count                                             | 0                                      |
| Number of Power Domains                                 | 0                                      |
| Number of Path Groups                                   | 2                                      |
| Number of VT Class                                      | 1                                      |
| Number of Clocks                                        | 1                                      |
| Number of Dont Touch Cells                              | 102                                    |
| Number of Dont Touch Nets                               | 0                                      |
| Number of Size Only Cells                               | 0                                      |
| Design with UPF Data                                    | false                                  |
====================================================================================================

Information: There are 24 potential problems in your design. Please run 'check_design' for more information. (LINT-99)



  Beginning Pass 1 Mapping
  ------------------------
  Processing 'BarrelShifter'
  Processing 'fpu'
Warning: Unable to resolve reference 'MUX2X1_0' in 'BarrelShifter'. (LINK-5)
Warning: Unable to resolve reference 'MUX2X1_114' in 'BarrelShifter'. (LINK-5)
Warning: Unable to resolve reference 'MUX2X1_113' in 'BarrelShifter'. (LINK-5)
Warning: Unable to resolve reference 'MUX2X1_112' in 'BarrelShifter'. (LINK-5)
Warning: Unable to resolve reference 'MUX2X1_111' in 'BarrelShifter'. (LINK-5)
Warning: Unable to resolve reference 'MUX2X1_110' in 'BarrelShifter'. (LINK-5)
Warning: Unable to resolve reference 'MUX2X1_109' in 'BarrelShifter'. (LINK-5)
Warning: Unable to resolve reference 'MUX2X1_108' in 'BarrelShifter'. (LINK-5)
Warning: Unable to resolve reference 'MUX2X1_107' in 'BarrelShifter'. (LINK-5)
Warning: Unable to resolve reference 'MUX2X1_106' in 'BarrelShifter'. (LINK-5)
Warning: Unable to resolve reference 'MUX2X1_105' in 'BarrelShifter'. (LINK-5)
Warning: Unable to resolve reference 'MUX2X1_104' in 'BarrelShifter'. (LINK-5)
Warning: Unable to resolve reference 'MUX2X1_103' in 'BarrelShifter'. (LINK-5)
Warning: Unable to resolve reference 'MUX2X1_102' in 'BarrelShifter'. (LINK-5)
Warning: Unable to resolve reference 'MUX2X1_101' in 'BarrelShifter'. (LINK-5)
Warning: Unable to resolve reference 'MUX2X1_100' in 'BarrelShifter'. (LINK-5)
Warning: Unable to resolve reference 'MUX2X1_99' in 'BarrelShifter'. (LINK-5)
Warning: Unable to resolve reference 'MUX2X1_98' in 'BarrelShifter'. (LINK-5)
Warning: Unable to resolve reference 'MUX2X1_97' in 'BarrelShifter'. (LINK-5)
Warning: Unable to resolve reference 'MUX2X1_96' in 'BarrelShifter'. (LINK-5)
Warning: Unable to resolve reference 'MUX2X1_95' in 'BarrelShifter'. (LINK-5)
Warning: Unable to resolve reference 'MUX2X1_94' in 'BarrelShifter'. (LINK-5)
Warning: Unable to resolve reference 'MUX2X1_93' in 'BarrelShifter'. (LINK-5)
Warning: Unable to resolve reference 'MUX2X1_92' in 'BarrelShifter'. (LINK-5)
Warning: Unable to resolve reference 'MUX2X1_91' in 'BarrelShifter'. (LINK-5)
Warning: Unable to resolve reference 'MUX2X1_90' in 'BarrelShifter'. (LINK-5)
Warning: Unable to resolve reference 'MUX2X1_89' in 'BarrelShifter'. (LINK-5)
Warning: Unable to resolve reference 'MUX2X1_88' in 'BarrelShifter'. (LINK-5)
Warning: Unable to resolve reference 'MUX2X1_87' in 'BarrelShifter'. (LINK-5)
Warning: Unable to resolve reference 'MUX2X1_86' in 'BarrelShifter'. (LINK-5)
Warning: Unable to resolve reference 'MUX2X1_85' in 'BarrelShifter'. (LINK-5)
Warning: Unable to resolve reference 'MUX2X1_84' in 'BarrelShifter'. (LINK-5)
Warning: Unable to resolve reference 'MUX2X1_83' in 'BarrelShifter'. (LINK-5)
Warning: Unable to resolve reference 'MUX2X1_82' in 'BarrelShifter'. (LINK-5)
Warning: Unable to resolve reference 'MUX2X1_81' in 'BarrelShifter'. (LINK-5)
Warning: Unable to resolve reference 'MUX2X1_80' in 'BarrelShifter'. (LINK-5)
Warning: Unable to resolve reference 'MUX2X1_79' in 'BarrelShifter'. (LINK-5)
Warning: Unable to resolve reference 'MUX2X1_78' in 'BarrelShifter'. (LINK-5)
Warning: Unable to resolve reference 'MUX2X1_77' in 'BarrelShifter'. (LINK-5)
Warning: Unable to resolve reference 'MUX2X1_76' in 'BarrelShifter'. (LINK-5)
Warning: Unable to resolve reference 'MUX2X1_75' in 'BarrelShifter'. (LINK-5)
Warning: Unable to resolve reference 'MUX2X1_74' in 'BarrelShifter'. (LINK-5)
Warning: Unable to resolve reference 'MUX2X1_73' in 'BarrelShifter'. (LINK-5)
Warning: Unable to resolve reference 'MUX2X1_72' in 'BarrelShifter'. (LINK-5)
Warning: Unable to resolve reference 'MUX2X1_71' in 'BarrelShifter'. (LINK-5)
Warning: Unable to resolve reference 'MUX2X1_70' in 'BarrelShifter'. (LINK-5)
Warning: Unable to resolve reference 'MUX2X1_69' in 'BarrelShifter'. (LINK-5)
Warning: Unable to resolve reference 'MUX2X1_68' in 'BarrelShifter'. (LINK-5)
Warning: Unable to resolve reference 'MUX2X1_67' in 'BarrelShifter'. (LINK-5)
Warning: Unable to resolve reference 'MUX2X1_66' in 'BarrelShifter'. (LINK-5)
Warning: Unable to resolve reference 'MUX2X1_65' in 'BarrelShifter'. (LINK-5)
Warning: Unable to resolve reference 'MUX2X1_64' in 'BarrelShifter'. (LINK-5)
Warning: Unable to resolve reference 'MUX2X1_63' in 'BarrelShifter'. (LINK-5)
Warning: Unable to resolve reference 'MUX2X1_62' in 'BarrelShifter'. (LINK-5)
Warning: Unable to resolve reference 'MUX2X1_61' in 'BarrelShifter'. (LINK-5)
Warning: Unable to resolve reference 'MUX2X1_60' in 'BarrelShifter'. (LINK-5)
Warning: Unable to resolve reference 'MUX2X1_59' in 'BarrelShifter'. (LINK-5)
Warning: Unable to resolve reference 'MUX2X1_58' in 'BarrelShifter'. (LINK-5)
Warning: Unable to resolve reference 'MUX2X1_57' in 'BarrelShifter'. (LINK-5)
Warning: Unable to resolve reference 'MUX2X1_56' in 'BarrelShifter'. (LINK-5)
Warning: Unable to resolve reference 'MUX2X1_55' in 'BarrelShifter'. (LINK-5)
Warning: Unable to resolve reference 'MUX2X1_54' in 'BarrelShifter'. (LINK-5)
Warning: Unable to resolve reference 'MUX2X1_53' in 'BarrelShifter'. (LINK-5)
Warning: Unable to resolve reference 'MUX2X1_52' in 'BarrelShifter'. (LINK-5)
Warning: Unable to resolve reference 'MUX2X1_51' in 'BarrelShifter'. (LINK-5)
Warning: Unable to resolve reference 'MUX2X1_50' in 'BarrelShifter'. (LINK-5)
Warning: Unable to resolve reference 'MUX2X1_49' in 'BarrelShifter'. (LINK-5)
Warning: Unable to resolve reference 'MUX2X1_48' in 'BarrelShifter'. (LINK-5)
Warning: Unable to resolve reference 'MUX2X1_47' in 'BarrelShifter'. (LINK-5)
Warning: Unable to resolve reference 'MUX2X1_46' in 'BarrelShifter'. (LINK-5)
Warning: Unable to resolve reference 'MUX2X1_45' in 'BarrelShifter'. (LINK-5)
Warning: Unable to resolve reference 'MUX2X1_44' in 'BarrelShifter'. (LINK-5)
Warning: Unable to resolve reference 'MUX2X1_43' in 'BarrelShifter'. (LINK-5)
Warning: Unable to resolve reference 'MUX2X1_42' in 'BarrelShifter'. (LINK-5)
Warning: Unable to resolve reference 'MUX2X1_41' in 'BarrelShifter'. (LINK-5)
Warning: Unable to resolve reference 'MUX2X1_40' in 'BarrelShifter'. (LINK-5)
Warning: Unable to resolve reference 'MUX2X1_39' in 'BarrelShifter'. (LINK-5)
Warning: Unable to resolve reference 'MUX2X1_38' in 'BarrelShifter'. (LINK-5)
Warning: Unable to resolve reference 'MUX2X1_37' in 'BarrelShifter'. (LINK-5)
Warning: Unable to resolve reference 'MUX2X1_36' in 'BarrelShifter'. (LINK-5)
Warning: Unable to resolve reference 'MUX2X1_35' in 'BarrelShifter'. (LINK-5)
Warning: Unable to resolve reference 'MUX2X1_34' in 'BarrelShifter'. (LINK-5)
Warning: Unable to resolve reference 'MUX2X1_33' in 'BarrelShifter'. (LINK-5)
Warning: Unable to resolve reference 'MUX2X1_32' in 'BarrelShifter'. (LINK-5)
Warning: Unable to resolve reference 'MUX2X1_31' in 'BarrelShifter'. (LINK-5)
Warning: Unable to resolve reference 'MUX2X1_30' in 'BarrelShifter'. (LINK-5)
Warning: Unable to resolve reference 'MUX2X1_29' in 'BarrelShifter'. (LINK-5)
Warning: Unable to resolve reference 'MUX2X1_28' in 'BarrelShifter'. (LINK-5)
Warning: Unable to resolve reference 'MUX2X1_27' in 'BarrelShifter'. (LINK-5)
Warning: Unable to resolve reference 'MUX2X1_26' in 'BarrelShifter'. (LINK-5)
Warning: Unable to resolve reference 'MUX2X1_25' in 'BarrelShifter'. (LINK-5)
Warning: Unable to resolve reference 'MUX2X1_24' in 'BarrelShifter'. (LINK-5)
Warning: Unable to resolve reference 'MUX2X1_23' in 'BarrelShifter'. (LINK-5)
Warning: Unable to resolve reference 'MUX2X1_22' in 'BarrelShifter'. (LINK-5)
Warning: Unable to resolve reference 'MUX2X1_21' in 'BarrelShifter'. (LINK-5)
Warning: Unable to resolve reference 'MUX2X1_20' in 'BarrelShifter'. (LINK-5)
Warning: Unable to resolve reference 'MUX2X1_19' in 'BarrelShifter'. (LINK-5)
Warning: Unable to resolve reference 'MUX2X1_18' in 'BarrelShifter'. (LINK-5)
Warning: Unable to resolve reference 'MUX2X1_17' in 'BarrelShifter'. (LINK-5)
Warning: Unable to resolve reference 'MUX2X1_16' in 'BarrelShifter'. (LINK-5)
Warning: Unable to resolve reference 'MUX2X1_15' in 'BarrelShifter'. (LINK-5)
Warning: Unable to resolve reference 'MUX2X1_14' in 'BarrelShifter'. (LINK-5)
Warning: Unable to resolve reference 'MUX2X1_13' in 'BarrelShifter'. (LINK-5)
Warning: Unable to resolve reference 'MUX2X1_12' in 'BarrelShifter'. (LINK-5)
Warning: Unable to resolve reference 'MUX2X1_11' in 'BarrelShifter'. (LINK-5)
Warning: Unable to resolve reference 'MUX2X1_10' in 'BarrelShifter'. (LINK-5)
Warning: Unable to resolve reference 'MUX2X1_9' in 'BarrelShifter'. (LINK-5)
Warning: Unable to resolve reference 'MUX2X1_8' in 'BarrelShifter'. (LINK-5)
Warning: Unable to resolve reference 'MUX2X1_7' in 'BarrelShifter'. (LINK-5)
Warning: Unable to resolve reference 'MUX2X1_6' in 'BarrelShifter'. (LINK-5)
Warning: Unable to resolve reference 'MUX2X1_5' in 'BarrelShifter'. (LINK-5)
Warning: Unable to resolve reference 'MUX2X1_4' in 'BarrelShifter'. (LINK-5)
Warning: Unable to resolve reference 'MUX2X1_3' in 'BarrelShifter'. (LINK-5)
Warning: Unable to resolve reference 'MUX2X1_2' in 'BarrelShifter'. (LINK-5)
Warning: Unable to resolve reference 'MUX2X1_1' in 'BarrelShifter'. (LINK-5)
Warning: Design 'fpu' has '115' unresolved references. For more detailed information, use the "link" command. (UID-341)

  Updating timing information
Information: Updating design information... (UID-85)

  Beginning Implementation Selection
  ----------------------------------
  Processing 'fpu_DW01_sub_0'
  Processing 'fpu_DW01_sub_1'
  Processing 'fpu_DW01_sub_2'
  Processing 'fpu_DW01_sub_3'
  Processing 'fpu_DW01_sub_4'
  Processing 'fpu_DW01_sub_5'
  Processing 'fpu_DW01_sub_6'
  Processing 'fpu_DW01_sub_7'
  Processing 'fpu_DW01_sub_8'
  Processing 'fpu_DW01_sub_9'
  Processing 'fpu_DW01_sub_10'
  Processing 'fpu_DW01_sub_11'
  Processing 'fpu_DW01_sub_12'
  Processing 'fpu_DW01_sub_13'
  Processing 'fpu_DW01_sub_14'
  Processing 'fpu_DW01_sub_15'
  Processing 'fpu_DW01_sub_16'
  Processing 'fpu_DW01_sub_17'
  Processing 'fpu_DW01_sub_18'
  Processing 'fpu_DW01_sub_19'
  Processing 'fpu_DW01_sub_20'
  Processing 'fpu_DW01_sub_21'
  Processing 'fpu_DW01_sub_22'
  Processing 'fpu_DW01_sub_23'
  Processing 'fpu_DW01_add_0'
  Processing 'fpu_DW01_add_1'
  Processing 'fpu_DW01_sub_24'
  Processing 'fpu_DW01_cmp2_0'
  Processing 'fpu_DW01_cmp6_0'
Information: Command 'do_operand_isolation' is obsolete and is being ignored.  Please refer to the replacement command 'set power_enable_datapath_gating true' instead. (INFO-118)

  Beginning Mapping Optimizations  (Medium effort)
  -------------------------------
  Mapping Optimization (Phase 6)
Information: Command 'do_operand_isolation' is obsolete and is being ignored.  Please refer to the replacement command 'set power_enable_datapath_gating true' instead. (INFO-118)

                                  TOTAL                                      
   ELAPSED            WORST NEG   SETUP    DESIGN                            
    TIME      AREA      SLACK     COST    RULE COST         ENDPOINT         
  --------- --------- --------- --------- --------- -------------------------
    0:00:07   17438.5     16.91     262.9       0.0                          
    0:00:07   17438.5     16.91     262.9       0.0                          
    0:00:07   17438.5     16.91     262.9       0.0                          
    0:00:07   17438.5     16.91     262.9       0.0                          
    0:00:07   17438.5     16.91     262.9       0.0                          
    0:00:07   15275.5     16.27     249.7       0.0                          
    0:00:08   15257.1     16.27     249.7       0.0                          
    0:00:08   15257.1     16.27     249.7       0.0                          
    0:00:08   15257.1     16.27     249.7       0.0                          
    0:00:08   15257.1     16.27     249.7       0.0                          
    0:00:08   15257.1     16.27     249.7       0.0                          
    0:00:08   15257.1     16.27     249.7       0.0                          
    0:00:08   15257.1     16.27     249.7       0.0                          
    0:00:08   15257.1     16.27     249.7       0.0                          
    0:00:08   15257.1     16.27     249.7       0.0                          



  Beginning Delay Optimization Phase
  ----------------------------------

                                  TOTAL                                      
   ELAPSED            WORST NEG   SETUP    DESIGN                            
    TIME      AREA      SLACK     COST    RULE COST         ENDPOINT         
  --------- --------- --------- --------- --------- -------------------------
    0:00:08   15257.1     15.73     239.8       0.0                          
    0:00:08   15255.2     15.63     238.5       0.0 out[29]                  
    0:00:08   15257.1     15.61     237.9       0.0 out[29]                  
    0:00:08   15270.9     15.44     234.4       0.0 out[29]                  
    0:00:08   15295.8     15.29     233.8       0.0 out[29]                  
    0:00:08   15310.5     15.20     231.9       0.0 out[29]                  
    0:00:08   15341.0     15.16     231.0       0.0 out[29]                  
    0:00:09   15383.3     14.94     226.4       0.0 out[29]                  
    0:00:09   15407.3     14.91     225.9       0.0 out[29]                  
    0:00:09   15411.0     14.78     223.2       0.0 out[29]                  
    0:00:09   15418.4     14.72     222.6       0.0 out[29]                  
    0:00:09   15423.9     14.72     222.5       0.0 out[29]                  
    0:00:09   15435.0     14.70     222.3       0.0 out[29]                  
    0:00:09   15449.7     14.67     221.8       0.0 out[29]                  
    0:00:09   15453.4     14.54     220.0       0.0 out[29]                  
    0:00:09   15469.1     14.44     218.1       0.0 out[30]                  
    0:00:10   15491.2     14.22     213.3       0.0 out[30]                  
    0:00:10   15517.9     14.13     211.6       0.0 out[30]                  
    0:00:10   15543.7     14.07     210.6       0.0 out[30]                  
    0:00:10   15546.5     14.03     210.0       0.0 out[30]                  
    0:00:10   15530.8     13.89     207.1       0.0 out[30]                  
    0:00:10   15540.0     13.82     205.9       0.0 out[30]                  
    0:00:10   15566.7     13.76     204.8       0.0 out[30]                  
    0:00:10   15576.0     13.57     201.1       0.0 out[30]                  
    0:00:10   15578.7     13.53     200.2       0.0 out[30]                  
    0:00:10   15618.4     13.40     198.1       0.0 out[30]                  
    0:00:11   15631.3     13.33     196.8       0.0 out[29]                  
    0:00:11   15658.0     13.26     195.7       0.0 out[29]                  
    0:00:11   15642.3     13.23     195.3       0.0 out[29]                  
    0:00:11   15655.2     13.21     195.0       0.0 out[29]                  
    0:00:11   15657.1     13.12     193.8       0.0 out[29]                  
    0:00:11   15678.3     13.00     191.6       0.0 out[29]                  
    0:00:12   15696.7     12.85     189.2       0.0 out[29]                  
    0:00:12   15705.0     12.78     188.3       0.0 out[29]                  
    0:00:12   15710.5     12.76     188.0       0.0 out[29]                  
    0:00:12   15726.2     12.59     184.7       0.0 out[29]                  
    0:00:12   15746.5     12.55     184.0       0.0 out[29]                  
    0:00:12   15746.5     12.54     183.8       0.0 out[29]                  
    0:00:12   15792.5     12.40     181.7       0.0 out[29]                  
    0:00:12   15796.2     12.32     180.1       0.0 out[29]                  
    0:00:12   15796.2     12.30     179.8       0.0 out[29]                  
    0:00:12   15801.8     12.26     179.0       0.0 out[29]                  
    0:00:13   15804.5     12.21     178.0       0.0 out[29]                  
    0:00:13   15812.8     12.21     178.0       0.0 out[29]                  
    0:00:13   15809.1     12.18     177.4       0.0 out[29]                  
    0:00:13   15812.8     12.14     176.6       0.0 out[29]                  
    0:00:13   15814.7     12.10     176.1       0.0 out[29]                  
    0:00:13   15817.4     12.10     176.0       0.0 out[29]                  
    0:00:13   15808.2     12.04     175.2       0.0 out[29]                  
    0:00:13   15851.5     11.84     171.5       0.0 out[29]                  
    0:00:13   15879.2     11.80     170.9       0.0 out[29]                  
    0:00:13   15877.3     11.73     169.5       0.0 out[29]                  
    0:00:13   15877.3     11.72     169.3       0.0 out[29]                  
    0:00:13   15889.3     11.70     169.0       0.0 out[29]                  
    0:00:13   15915.1     11.65     167.9       0.0 out[29]                  
    0:00:14   15921.6     11.64     167.9       0.0 out[29]                  
    0:00:14   15917.9     11.61     167.3       0.0 out[29]                  
    0:00:14   15908.7     11.51     165.5       0.0 out[29]                  
    0:00:14   16003.6     10.98     157.4       0.0 out[29]                  
    0:00:14   16016.5     10.95     156.8       0.0 out[29]                  
    0:00:14   16068.1     10.89     156.1       0.0 out[29]                  
    0:00:14   16091.1     10.75     153.9       0.0 out[29]                  
    0:00:15   16116.0     10.70     153.1       0.0 out[29]                  
    0:00:15   16132.6     10.64     152.6       0.0 out[29]                  
    0:00:15   16103.1     10.58     151.5       0.0 out[29]                  
    0:00:15   16105.9     10.53     150.5       0.0 out[29]                  
    0:00:15   16114.2     10.49     149.8       0.0 out[29]                  
    0:00:15   16110.5     10.48     149.8       0.0 out[29]                  
    0:00:15   16110.5     10.47     149.4       0.0 out[29]                  
    0:00:16   16110.5     10.43     148.8       0.0 out[29]                  
    0:00:16   16112.3     10.33     146.9       0.0 out[29]                  
    0:00:16   16114.2     10.32     146.6       0.0 out[29]                  
    0:00:16   16133.5     10.25     145.4       0.0 out[29]                  
    0:00:16   16134.5     10.12     143.0       0.0 out[29]                  
    0:00:16   16144.6     10.02     141.1       0.0 out[29]                  
    0:00:16   16175.9      9.91     139.9       0.0 out[29]                  
    0:00:16   16177.8      9.61     134.2       0.0 out[30]                  
    0:00:16   16188.8      9.55     133.7       0.0 out[29]                  
    0:00:17   16222.9      9.53     133.4       0.0 out[29]                  
    0:00:17   16210.9      9.51     133.1       0.0 out[29]                  
    0:00:17   16205.4      9.39     130.9       0.0 out[29]                  
    0:00:17   16203.6      9.38     130.7       0.0 out[29]                  
    0:00:17   16179.6      9.38     130.6       0.0 out[29]                  
    0:00:17   16171.3      9.36     130.4       0.0 out[29]                  
    0:00:17   16188.8      9.36     130.3       0.0 out[29]                  
    0:00:17   16185.1      9.35     130.2       0.0 out[29]                  
    0:00:17   16187.0      9.35     130.2       0.0 out[29]                  
    0:00:18   16195.3      9.25     128.8       0.0 out[29]                  
    0:00:18   16199.9      9.24     128.7       0.0 out[29]                  
    0:00:18   16208.2      9.20     128.0       0.0 out[29]                  
    0:00:18   16270.8      9.05     125.8       0.0 out[26]                  
    0:00:18   16325.2      8.90     123.1       0.0 out[26]                  
    0:00:18   16368.5      8.81     121.5       0.0 out[26]                  
    0:00:18   16410.0      8.66     119.2       0.0 out[26]                  
    0:00:18   16429.4      8.61     118.4       0.0 out[29]                  
    0:00:19   16452.4      8.48     116.4       0.0 out[26]                  
    0:00:19   16463.5      8.34     114.0       0.0 out[26]                  
    0:00:19   16493.0      8.23     112.2       0.0 out[26]                  
    0:00:19   16518.8      8.18     111.4       0.0 out[26]                  
    0:00:19   16551.9      8.14     110.5       0.0 out[26]                  
    0:00:19   16597.1      8.09     109.6       0.0 out[26]                  
    0:00:19   16619.2      7.99     108.1       0.0 out[26]                  
    0:00:20   16640.4      7.93     107.0       0.0 out[26]                  
    0:00:20   16689.3      7.87     105.9       0.0 out[26]                  
    0:00:20   16690.2      7.73     104.0       0.0 out[26]                  
    0:00:20   16717.8      7.68     103.0       0.0 out[26]                  
    0:00:20   16740.9      7.62     102.0       0.0 out[26]                  
    0:00:20   16738.1      7.56     101.0       0.0 out[30]                  
    0:00:20   16768.5      7.52     100.3       0.0 out[30]                  
    0:00:20   16757.5      7.47      99.6       0.0 out[30]                  
    0:00:20   16784.2      7.28      96.3       0.0 out[30]                  
    0:00:20   16815.5      7.20      94.9       0.0 out[30]                  
    0:00:21   16829.3      7.16      94.2       0.0 out[30]                  
    0:00:21   16834.9      7.14      94.0       0.0 out[30]                  
    0:00:21   16844.1      7.11      93.3       0.0 out[30]                  
    0:00:21   16859.8      7.07      92.8       0.0 out[23]                  
    0:00:21   16876.3      7.02      91.8       0.0 out[23]                  
    0:00:21   16926.1      6.96      91.0       0.0 out[23]                  
    0:00:21   16956.5      6.92      90.4       0.0 out[30]                  
    0:00:21   16988.8      6.86      89.3       0.0 out[30]                  
    0:00:21   17011.8      6.82      88.8       0.0 out[30]                  
    0:00:21   17039.5      6.80      88.5       0.0 out[29]                  
    0:00:21   17067.1      6.77      88.2       0.0 out[28]                  
    0:00:21   17116.9      6.73      87.5       0.0 out[28]                  
    0:00:22   17155.6      6.70      87.0       0.0 out[28]                  
    0:00:22   17188.8      6.67      86.5       0.0 out[28]                  
    0:00:22   17190.6      6.62      85.9       0.0 out[28]                  
    0:00:22   17221.0      6.55      84.7       0.0 out[28]                  
    0:00:22   17248.7      6.51      84.2       0.0 out[28]                  
    0:00:22   17269.9      6.50      84.0       0.0 out[28]                  
    0:00:22   17287.4      6.47      83.7       0.0 out[28]                  
    0:00:22   17327.9      6.43      83.0       0.0 out[28]                  
    0:00:22   17352.8      6.39      82.4       0.0 out[28]                  
    0:00:22   17366.6      6.36      82.0       0.0 out[28]                  
    0:00:23   17379.5      6.31      81.3       0.0 out[28]                  
    0:00:23   17397.0      6.27      80.8       0.0 out[28]                  
    0:00:23   17445.0      6.25      80.5       0.0 out[28]                  
    0:00:23   17471.7      6.20      79.6       0.0 out[28]                  
    0:00:23   17475.4      6.19      79.4       0.0 out[28]                  
    0:00:23   17488.3      6.18      79.2       0.0 out[28]                  
    0:00:23   17513.2      6.11      78.2       0.0 out[28]                  
    0:00:23   17506.7      6.08      77.7       0.0 out[28]                  
    0:00:23   17537.1      6.05      77.1       0.0 out[28]                  
    0:00:23   17550.0      6.04      77.0       0.0 out[28]                  
    0:00:23   17582.3      6.01      76.6       0.0 out[28]                  
    0:00:23   17584.1      5.99      76.4       0.0 out[29]                  
    0:00:23   17578.6      5.98      76.2       0.0 out[28]                  
    0:00:24   17614.5      5.94      75.6       0.0 out[28]                  
    0:00:24   17620.1      5.91      75.2       0.0 out[28]                  
    0:00:24   17633.9      5.87      74.5       0.0 out[28]                  
    0:00:24   17649.6      5.85      74.1       0.0 out[28]                  
    0:00:24   17672.6      5.80      73.7       0.0 out[28]                  
    0:00:24   17721.4      5.76      73.0       0.0 out[28]                  
    0:00:24   17735.3      5.75      72.9       0.0 out[28]                  
    0:00:24   17767.5      5.72      72.3       0.0 out[28]                  
    0:00:24   17769.4      5.66      71.3       0.0 out[28]                  
    0:00:24   17765.7      5.55      69.7       0.0 out[28]                  
    0:00:24   17798.9      5.53      69.2       0.0 out[28]                  
    0:00:24   17835.7      5.50      68.9       0.0 out[28]                  
    0:00:24   17859.7      5.46      68.3       0.0 out[28]                  
    0:00:25   17881.8      5.44      68.1       0.0 out[28]                  
    0:00:25   17915.0      5.42      67.9       0.0 out[28]                  
    0:00:25   17938.0      5.41      67.6       0.0 out[28]                  
    0:00:25   17974.9      5.36      66.9       0.0 out[28]                  
    0:00:25   17976.7      5.35      66.7       0.0 out[28]                  
    0:00:25   17994.2      5.34      66.4       0.0 out[28]                  
    0:00:25   18021.9      5.32      66.2       0.0 out[28]                  
    0:00:25   18039.4      5.26      65.4       0.0 out[28]                  
    0:00:25   18034.8      5.24      65.3       0.0 out[28]                  
    0:00:25   18089.2      5.21      64.8       0.0 out[28]                  
    0:00:25   18103.0      5.20      64.6       0.0 out[28]                  
    0:00:25   18135.2      5.11      63.3       0.0 out[28]                  
    0:00:26   18176.7      5.07      62.7       0.0 out[28]                  
    0:00:26   18210.8      5.04      62.2       0.0 out[28]                  
    0:00:26   18234.8      5.02      62.0       0.0 out[29]                  
    0:00:26   18273.5      5.01      61.7       0.0 out[29]                  
    0:00:26   18276.2      4.99      61.6       0.0 out[29]                  
    0:00:26   18291.0      4.99      61.5       0.0 out[29]                  
    0:00:26   18293.8      4.98      61.4       0.0 out[29]                  
    0:00:26   18297.4      4.97      61.2       0.0 out[29]                  
    0:00:26   18325.1      4.96      61.1       0.0 out[28]                  
    0:00:26   18349.1      4.95      61.0       0.0 out[28]                  
    0:00:26   18350.9      4.95      60.9       0.0 out[28]                  
    0:00:26   18362.9      4.93      60.7       0.0 out[26]                  
    0:00:26   18367.5      4.91      60.4       0.0 out[29]                  
    0:00:27   18398.8      4.90      60.3       0.0 out[29]                  
    0:00:27   18421.9      4.89      60.1       0.0 out[26]                  
    0:00:27   18438.5      4.87      59.8       0.0 out[26]                  
    0:00:27   18455.0      4.87      59.8       0.0 out[26]                  
    0:00:27   18485.5      4.86      59.7       0.0 out[26]                  
    0:00:27   18492.8      4.85      59.6       0.0 out[26]                  
    0:00:27   18522.3      4.84      59.5       0.0 out[26]                  
    0:00:27   18553.7      4.83      59.3       0.0 out[26]                  
    0:00:27   18543.5      4.81      59.0       0.0 out[26]                  
    0:00:27   18541.7      4.81      58.9       0.0 out[29]                  
    0:00:27   18523.2      4.79      58.7       0.0 out[29]                  
    0:00:27   18536.1      4.79      58.6       0.0 out[29]                  
    0:00:27   18551.8      4.78      58.4       0.0 out[29]                  
    0:00:27   18568.4      4.77      58.3       0.0 out[29]                  
    0:00:28   18579.5      4.75      58.0       0.0 out[29]                  
    0:00:28   18586.8      4.74      57.9       0.0 out[29]                  
    0:00:28   18582.2      4.73      57.7       0.0 out[26]                  
    0:00:28   18578.5      4.71      57.6       0.0 out[29]                  
    0:00:28   18578.5      4.70      57.5       0.0 out[27]                  
    0:00:28   18586.8      4.70      57.4       0.0 out[27]                  
    0:00:28   18612.6      4.70      57.3       0.0 out[27]                  
    0:00:28   18605.3      4.69      57.3       0.0 out[27]                  
    0:00:28   18635.7      4.68      57.1       0.0 out[27]                  
    0:00:28   18624.6      4.68      56.9       0.0 out[27]                  
    0:00:28   18637.5      4.66      56.7       0.0 out[30]                  
    0:00:29   18634.8      4.64      56.5       0.0 out[28]                  
    0:00:29   18639.4      4.63      56.4       0.0 out[28]                  
    0:00:29   18659.6      4.61      56.1       0.0 out[28]                  
    0:00:29   18667.0      4.60      56.0       0.0 out[29]                  
    0:00:29   18688.2      4.58      55.8       0.0 out[30]                  
    0:00:29   18694.7      4.58      55.7       0.0 out[30]                  
    0:00:29   18700.2      4.57      55.5       0.0 out[30]                  
    0:00:29   18696.5      4.56      55.5       0.0 out[30]                  
    0:00:29   18722.3      4.56      55.4       0.0 out[30]                  
    0:00:29   18727.8      4.55      55.2       0.0 out[30]                  
    0:00:29   18724.1      4.54      55.1       0.0 out[30]                  
    0:00:29   18743.5      4.53      55.0       0.0 out[30]                  
    0:00:30   18733.4      4.53      54.9       0.0 out[30]                  
    0:00:30   18752.7      4.52      54.8       0.0 out[30]                  
    0:00:30   18771.1      4.51      54.7       0.0 out[30]                  
    0:00:30   18767.5      4.50      54.5       0.0 out[30]                  
    0:00:30   18781.3      4.48      54.3       0.0 out[30]                  
    0:00:30   18778.5      4.47      54.2       0.0 out[29]                  
    0:00:30   18769.3      4.47      54.2       0.0 out[29]                  
    0:00:30   18782.2      4.47      54.1       0.0 out[30]                  
    0:00:30   18783.1      4.47      54.1       0.0 out[29]                  
    0:00:30   18788.7      4.46      54.0       0.0 out[29]                  
    0:00:30   18831.1      4.44      53.7       0.0 out[29]                  
    0:00:30   18849.5      4.43      53.5       0.0 out[29]                  
    0:00:30   18844.9      4.43      53.4       0.0 out[30]                  
    0:00:30   18839.3      4.42      53.4       0.0 out[30]                  
    0:00:31   18837.5      4.42      53.4       0.0 out[30]                  
    0:00:31   18839.3      4.41      53.2       0.0 out[30]                  
    0:00:31   18866.1      4.40      53.1       0.0 out[30]                  
    0:00:31   18875.3      4.40      53.0       0.0 out[30]                  
    0:00:31   18864.2      4.38      52.8       0.0 out[30]                  
    0:00:31   18879.9      4.37      52.5       0.0 out[30]                  
    0:00:31   18891.9      4.37      52.5       0.0 out[30]                  
    0:00:31   18917.7      4.36      52.4       0.0 out[30]                  
    0:00:31   18929.7      4.35      52.3       0.0 out[30]                  
    0:00:31   18976.7      4.33      52.0       0.0 out[30]                  
    0:00:31   19021.8      4.31      51.6       0.0 out[30]                  
    0:00:31   19010.8      4.30      51.4       0.0 out[30]                  
    0:00:31   19043.0      4.29      51.4       0.0 out[30]                  
    0:00:32   19030.1      4.29      51.3       0.0 out[30]                  
    0:00:32   19037.5      4.28      51.2       0.0 out[30]                  
    0:00:32   19076.2      4.27      51.1       0.0 out[30]                  
    0:00:32   19072.5      4.25      50.8       0.0 out[30]                  
    0:00:32   19050.4      4.19      49.9       0.0 out[30]                  
    0:00:32   19061.5      4.19      49.8       0.0 out[30]                  
    0:00:32   19086.3      4.18      49.8       0.0 out[30]                  
    0:00:32   19075.3      4.17      49.6       0.0 out[30]                  
    0:00:32   19090.0      4.16      49.4       0.0 out[30]                  
    0:00:32   19108.5      4.15      49.3       0.0 out[30]                  
    0:00:32   19121.4      4.15      49.2       0.0 out[30]                  
    0:00:32   19121.4      4.15      49.2       0.0 out[30]                  
    0:00:33   19126.9      4.15      49.2       0.0 out[30]                  
    0:00:33   19137.9      4.13      49.1       0.0 out[30]                  
    0:00:33   19152.7      4.13      49.0       0.0 out[30]                  
    0:00:33   19151.8      4.12      48.9       0.0 out[30]                  
    0:00:33   19166.5      4.11      48.8       0.0 out[30]                  
    0:00:33   19181.3      4.10      48.6       0.0 out[30]                  
    0:00:33   19189.6      4.09      48.5       0.0 out[30]                  
    0:00:33   19167.4      4.09      48.4       0.0 out[30]                  
    0:00:33   19180.3      4.08      48.4       0.0 out[30]                  
    0:00:33   19185.9      4.08      48.3       0.0 out[30]                  
    0:00:33   19214.4      4.07      48.2       0.0 out[30]                  
    0:00:33   19216.3      4.07      48.2       0.0 out[30]                  
    0:00:34   19242.1      4.06      48.0       0.0 out[30]                  
    0:00:34   19258.7      4.04      47.7       0.0 out[30]                  
    0:00:34   19272.5      4.03      47.7       0.0 out[30]                  
    0:00:34   19298.3      4.03      47.6       0.0 out[30]                  
    0:00:34   19292.8      4.03      47.5       0.0 out[30]                  
    0:00:34   19292.8      4.02      47.4       0.0 out[30]                  
    0:00:34   19330.6      4.01      47.3       0.0 out[30]                  
    0:00:34   19340.7      4.00      47.1       0.0 out[30]                  
    0:00:34   19359.1      3.99      47.0       0.0 out[30]                  
    0:00:34   19406.1      3.98      46.8       0.0 out[30]                  
    0:00:34   19411.7      3.97      46.7       0.0 out[30]                  
    0:00:34   19406.1      3.97      46.7       0.0 out[29]                  
    0:00:35   19406.1      3.97      46.6       0.0 out[29]                  
    0:00:35   19420.9      3.96      46.5       0.0 out[29]                  
    0:00:35   19431.0      3.96      46.5       0.0 out[29]                  
    0:00:35   19440.2      3.95      46.4       0.0 out[29]                  
    0:00:35   19436.5      3.94      46.3       0.0 out[29]                  
    0:00:35   19447.6      3.94      46.3       0.0 out[29]                  
    0:00:35   19462.3      3.94      46.2       0.0 out[30]                  
    0:00:35   19468.8      3.93      46.1       0.0 out[29]                  
    0:00:35   19494.6      3.93      46.1       0.0 out[29]                  
    0:00:35   19505.7      3.93      46.0       0.0 out[29]                  
    0:00:35   19495.5      3.92      45.9       0.0 out[29]                  
    0:00:35   19497.4      3.91      45.8       0.0 out[29]                  
    0:00:36   19506.6      3.91      45.8       0.0 out[29]                  
    0:00:36   19525.0      3.91      45.7       0.0 out[29]                  
    0:00:36   19524.1      3.91      45.7       0.0 out[29]                  
    0:00:36   19519.5      3.91      45.7       0.0 out[29]                  
    0:00:36   19534.2      3.90      45.6       0.0 out[29]                  
    0:00:36   19532.4      3.90      45.6       0.0 out[29]                  
    0:00:36   19552.7      3.90      45.6       0.0 out[29]                  
    0:00:36   19561.9      3.88      45.3       0.0 out[29]                  
    0:00:36   19568.3      3.87      45.1       0.0 out[30]                  
    0:00:36   19598.7      3.86      45.1       0.0 out[30]                  
    0:00:36   19597.8      3.84      44.8       0.0 out[29]                  
    0:00:36   19611.6      3.83      44.7       0.0 out[29]                  
    0:00:36   19619.0      3.82      44.5       0.0 out[29]                  
    0:00:36   19620.9      3.81      44.3       0.0 out[29]                  
    0:00:36   19628.2      3.81      44.3       0.0 out[29]                  
    0:00:37   19631.9      3.80      44.2       0.0 out[29]                  
    0:00:37   19631.9      3.80      44.2       0.0 out[30]                  
    0:00:37   19638.4      3.79      44.1       0.0 out[29]                  
    0:00:37   19643.0      3.79      44.1       0.0 out[29]                  
    0:00:37   19667.9      3.79      44.1       0.0 out[29]                  
    0:00:37   19667.9      3.79      44.1       0.0 out[29]                  
    0:00:37   19663.3      3.78      44.0       0.0 out[29]                  
    0:00:37   19655.0      3.78      43.9       0.0 out[29]                  
    0:00:37   19655.0      3.78      43.9       0.0 out[29]                  
    0:00:37   19638.4      3.77      43.9       0.0 out[29]                  
    0:00:37   19632.8      3.77      43.9       0.0 out[29]                  
    0:00:38   19640.2      3.77      43.8       0.0 out[29]                  
    0:00:38   19644.8      3.76      43.8       0.0 out[29]                  
    0:00:38   19655.9      3.76      43.7       0.0 out[29]                  
    0:00:38   19651.3      3.76      43.7       0.0 out[29]                  
    0:00:38   19669.7      3.75      43.6       0.0 out[29]                  
    0:00:38   19690.0      3.75      43.5       0.0 out[29]                  
    0:00:38   19693.7      3.75      43.5       0.0 out[29]                  
    0:00:39   19697.4      3.73      43.3       0.0 out[29]                  
    0:00:39   19707.5      3.69      42.8       0.0 out[29]                  
    0:00:40   19738.8      3.64      42.1       0.0 out[29]                  
    0:00:40   19746.2      3.63      41.8       0.0 out[29]                  
    0:00:41   19735.1      3.55      40.7       0.0 out[29]                  
    0:00:41   19759.1      3.50      40.0       0.0 out[29]                  
    0:00:41   19794.1      3.44      39.1       0.0 out[29]                  
    0:00:42   19796.9      3.37      38.3       0.0 out[29]                  
    0:00:42   19806.1      3.35      38.0       0.0 out[29]                  
    0:00:43   19807.9      3.29      37.0       0.0 out[29]                  
    0:00:43   19758.2      3.27      36.8       0.0 out[29]                  
    0:00:44   19752.7      3.23      36.4       0.0 out[29]                  
    0:00:44   19752.7      3.22      36.4       0.0 out[29]                  
    0:00:44   19727.8      3.18      35.8       0.0 out[29]                  
    0:00:45   19735.1      3.16      35.5       0.0 out[29]                  
    0:00:45   19742.5      3.15      35.5       0.0 out[29]                  
    0:00:46   19740.7      3.15      35.5       0.0                          
    0:00:46   19740.7      3.15      35.5       0.0                          
    0:00:46   19748.0      3.43      39.1       0.0                          
    0:00:46   19759.1      3.42      38.9       0.0                          
    0:00:46   19770.2      3.40      38.7       0.0                          
    0:00:46   19775.7      3.39      38.6       0.0                          
    0:00:46   19782.1      3.38      38.5       0.0                          
    0:00:46   19779.4      3.37      38.4       0.0                          
    0:00:46   19810.7      3.36      38.3       0.0                          
    0:00:47   19818.1      3.35      38.2       0.0                          
    0:00:47   19829.1      3.33      37.9       0.0                          
    0:00:47   19830.1      3.32      37.7       0.0                          
    0:00:47   19845.7      3.31      37.6       0.0                          
    0:00:47   19841.1      3.30      37.5       0.0                          
    0:00:47   19848.5      3.29      37.4       0.0                          
    0:00:47   19844.8      3.28      37.3       0.0                          
    0:00:47   19833.8      3.26      37.0       0.0                          
    0:00:47   19828.2      3.25      36.8       0.0                          
    0:00:47   19862.3      3.25      36.8       0.0                          
    0:00:47   19867.9      3.24      36.7       0.0                          
    0:00:47   19873.4      3.23      36.5       0.0                          
    0:00:48   19906.6      3.21      36.3       0.0                          
    0:00:48   19897.3      3.20      36.1       0.0                          
    0:00:48   19893.7      3.18      36.0       0.0                          
    0:00:48   19890.9      3.18      35.7       0.0                          
    0:00:48   19895.5      3.18      35.6       0.0                          
    0:00:48   19904.7      3.18      35.6       0.0                          


  Beginning Area-Recovery Phase  (cleanup)
  -----------------------------

                                  TOTAL                                      
   ELAPSED            WORST NEG   SETUP    DESIGN                            
    TIME      AREA      SLACK     COST    RULE COST         ENDPOINT         
  --------- --------- --------- --------- --------- -------------------------
    0:00:48   19904.7      3.18      35.6       0.0                          
    0:00:48   19904.7      3.18      35.6       0.0                          
    0:00:48   19461.4      3.18      35.7       0.0                          
    0:00:48   19373.0      3.16      35.5       0.0                          
    0:00:48   19353.6      3.15      35.3       0.0                          
    0:00:48   19348.1      3.15      35.3       0.0                          
    0:00:48   19348.1      3.15      35.3       0.0                          
    0:00:48   19348.1      3.15      35.3       0.0                          
    0:00:48   19348.1      3.15      35.3       0.0                          
    0:00:48   19282.6      3.15      35.3       0.0                          
    0:00:48   19268.8      3.15      35.4       0.0                          
    0:00:48   19268.8      3.15      35.4       0.0                          
    0:00:48   19268.8      3.15      35.4       0.0                          
    0:00:48   19268.8      3.15      35.4       0.0                          
    0:00:48   19268.8      3.15      35.4       0.0                          
    0:00:48   19268.8      3.15      35.4       0.0                          
    0:00:48   19268.8      3.15      35.4       0.0 out[29]                  
    0:00:48   19269.7      3.15      35.4       0.0 out[29]                  
    0:00:48   19266.0      3.15      35.4       0.0 out[29]                  
    0:00:48   19261.4      3.14      35.3       0.0 out[29]                  
    0:00:49   19263.3      3.14      35.3       0.0 out[29]                  
    0:00:49   19267.0      3.14      35.3       0.0 out[29]                  
    0:00:49   19276.2      3.14      35.3       0.0 out[29]                  
    0:00:49   19296.5      3.13      35.2       0.0 out[29]                  
    0:00:49   19295.5      3.13      35.2       0.0 out[29]                  
    0:00:49   19310.3      3.13      35.1       0.0 out[29]                  
    0:00:49   19310.3      3.13      35.1       0.0 out[29]                  
    0:00:49   19311.2      3.12      35.1       0.0 out[29]                  
    0:00:49   19335.2      3.12      35.0       0.0 out[29]                  
    0:00:49   19349.0      3.12      35.0       0.0 out[29]                  
    0:00:49   19362.8      3.11      34.9       0.0 out[29]                  
    0:00:50   19374.8      3.11      34.8       0.0 out[29]                  
    0:00:50   19374.8      3.11      34.8       0.0 out[29]                  
    0:00:50   19379.4      3.10      34.8       0.0 out[29]                  
    0:00:50   19352.7      3.10      34.7       0.0                          
    0:00:50   19285.4      3.10      34.7       0.0                          
    0:00:50   19155.5      3.10      34.7       0.0                          
    0:00:50   19059.6      3.10      34.7       0.0                          
    0:00:50   19032.0      3.10      34.7       0.0                          
    0:00:50   19008.9      3.09      34.6       0.0                          
    0:00:50   19008.9      3.08      34.5       0.0                          
    0:00:51   19014.5      3.08      34.4       0.0                          
    0:00:51   19024.6      3.07      34.4       0.0                          
    0:00:51   19009.8      3.07      34.4       0.0                          
    0:00:51   19008.0      3.05      34.2       0.0                          
    0:00:51   19020.0      3.04      34.1       0.0                          
    0:00:51   19041.2      3.04      34.1       0.0                          
    0:00:51   19054.1      3.04      34.1       0.0                          
    0:00:51   19074.4      3.03      34.0       0.0                          
    0:00:51   19085.4      3.03      33.9       0.0                          
    0:00:51   19093.7      3.03      33.9       0.0                          
    0:00:51   19093.7      3.02      33.9       0.0                          
    0:00:51   19093.7      3.02      33.8       0.0                          
    0:00:51   19084.5      3.02      33.8       0.0                          
    0:00:51   19088.2      3.01      33.8       0.0                          
    0:00:51   19086.3      3.01      33.7       0.0                          
    0:00:52   19095.6      3.01      33.7       0.0                          
    0:00:52   19093.7      3.01      33.7       0.0 out[29]                  
    0:00:52   19093.7      3.01      33.7       0.0 out[29]                  
    0:00:52   19100.2      3.01      33.6       0.0 out[29]                  
    0:00:52   19108.5      3.00      33.7       0.0 out[29]                  
    0:00:52   19119.5      3.00      33.6       0.0 out[29]                  
    0:00:53   19130.6      2.99      33.5       0.0 out[29]                  
    0:00:53   19142.6      2.99      33.4       0.0 out[29]                  
    0:00:53   19140.7      2.98      33.3       0.0 out[29]                  
    0:00:53   19169.3      2.96      33.2       0.0 out[29]                  
    0:00:53   19179.4      2.95      33.0       0.0 out[29]                  
    0:00:53   19212.6      2.94      32.9       0.0 out[29]                  
    0:00:53   19218.1      2.94      32.8       0.0 out[29]                  
    0:00:53   19243.9      2.93      32.8       0.0 out[29]                  
    0:00:53   19267.0      2.93      32.7       0.0 out[29]                  
    0:00:53   19283.6      2.92      32.6       0.0 out[29]                  
    0:00:53   19296.5      2.91      32.4       0.0 out[29]                  
    0:00:53   19312.1      2.90      32.3       0.0 out[29]                  
    0:00:54   19315.8      2.89      32.2       0.0 out[29]                  
    0:00:54   19349.9      2.88      32.1       0.0 out[29]                  
    0:00:54   19352.7      2.87      32.1       0.0 out[29]                  
    0:00:54   19350.8      2.87      32.0       0.0 out[29]                  
    0:00:54   19366.5      2.87      32.0       0.0 out[29]                  
    0:00:54   19372.0      2.87      32.0       0.0 out[29]                  
    0:00:54   19396.0      2.86      31.9       0.0 out[29]                  
    0:00:54   19401.5      2.85      31.8       0.0 out[29]                  
    0:00:54   19431.9      2.84      31.6       0.0 out[29]                  
    0:00:54   19436.5      2.83      31.6       0.0 out[29]                  
    0:00:54   19454.1      2.83      31.5       0.0 out[29]                  
    0:00:54   19486.3      2.81      31.3       0.0 out[29]                  
    0:00:54   19486.3      2.81      31.2       0.0 out[29]                  
    0:00:54   19502.9      2.80      31.1       0.0 out[29]                  
    0:00:55   19510.3      2.79      31.0       0.0 out[29]                  
    0:00:55   19512.1      2.79      31.0       0.0 out[29]                  
    0:00:55   19517.6      2.79      31.0       0.0 out[29]                  
    0:00:55   19522.3      2.79      31.0       0.0 out[29]                  
    0:00:55   19529.6      2.78      30.9       0.0 out[29]                  
    0:00:55   19542.5      2.78      30.9       0.0 out[29]                  
    0:00:55   19555.4      2.77      30.8       0.0 out[29]                  
    0:00:55   19568.3      2.77      30.8       0.0 out[29]                  
    0:00:55   19570.2      2.77      30.7       0.0 out[29]                  
    0:00:55   19580.3      2.77      30.7       0.0 out[29]                  
    0:00:55   19579.4      2.76      30.7       0.0 out[29]                  
    0:00:56   19580.3      2.76      30.6       0.0 out[29]                  
    0:00:56   19588.6      2.75      30.5       0.0 out[29]                  
    0:00:56   19588.6      2.75      30.5       0.0 out[29]                  
    0:00:56   19590.5      2.75      30.5       0.0 out[29]                  
    0:00:56   19628.2      2.75      30.5       0.0 out[29]                  
    0:00:56   19620.9      2.75      30.5       0.0 out[29]                  
    0:00:56   19619.0      2.74      30.4       0.0 out[29]                  
    0:00:56   19631.9      2.74      30.4       0.0 out[29]                  
    0:00:56   19673.4      2.73      30.3       0.0 out[29]                  
    0:00:56   19675.2      2.73      30.2       0.0 out[29]                  
    0:00:57   19681.7      2.73      30.2       0.0 out[29]                  
    0:00:57   19688.1      2.72      30.2       0.0 out[29]                  
    0:00:57   19686.3      2.72      30.2       0.0 out[29]                  
    0:00:57   19685.4      2.72      30.1       0.0 out[29]                  
    0:00:57   19701.0      2.72      30.1       0.0 out[29]                  
    0:00:57   19706.6      2.72      30.1       0.0 out[29]                  
    0:00:58   19705.7      2.72      30.1       0.0                          
Loading db file '/home/user6/Downloads/Lab4/ref/models/saed90nm_typ_ht.db'


Note: Symbol # after min delay cost means estimated hold TNS across all active scenarios 


  Optimization Complete
  ---------------------
Information: Total number of MV cells in the design.
----------------------------------------------------------------------------------------------------
 MV Cells                                           Total Number                                   
----------------------------------------------------------------------------------------------------
 Level Shifter:                                     0                                             
 Enable Level Shifter:                              0                                             
 Isolation Cell:                                    0                                             
 Retention Cell:                                    0                                             
 Retention Clamp Cell:                              0                                             
 Switch Cell:                                       0                                             
 Always-On Cell:                                    0                                             
 Repeater Cell:                                     0                                             

----------------------------------------------------------------------------------------------------
Unmapped MV Cells 
----------------------------------------------------------------------------------------------------
0 Isolation Cells are unmapped 
0 Retention Clamp Cells are unmapped 
----------------------------------------------------------------------------------------------------
1
