Information: Propagating switching activity (low effort zero delay simulation). (PWR-6)
Warning: Design has unannotated primary inputs. (PWR-414)
Warning: Design has unannotated black box outputs. (PWR-428)
 
****************************************
Report : power
        -analysis_effort low
Design : fpu
Version: U-2022.12-SP7
Date   : Tue Dec 12 15:59:39 2023
****************************************


Library(s) Used:

    saed90nm_typ_ht (File: /home/user6/Downloads/Lab4/ref/models/saed90nm_typ_ht.db)


Operating Conditions: TYPICAL   Library: saed90nm_typ_ht
Wire Load Model Mode: enclosed

Design        Wire Load Model            Library
------------------------------------------------
fpu                    35000             saed90nm_typ_ht
BarrelShifter          ForQA             saed90nm_typ_ht
fpu_DW01_add_2         8000              saed90nm_typ_ht
fpu_DW01_sub_25        8000              saed90nm_typ_ht


Global Operating Voltage = 1.2  
Power-specific unit information :
    Voltage Units = 1V
    Capacitance Units = 1.000000ff
    Time Units = 1ns
    Dynamic Power Units = 1uW    (derived from V,C,T units)
    Leakage Power Units = 1pW


Attributes
----------
i - Including register clock pin internal power


  Cell Internal Power  = 202.4110 uW   (70%)
  Net Switching Power  =  85.7531 uW   (30%)
                         ---------
Total Dynamic Power    = 288.1640 uW  (100%)

Cell Leakage Power     = 276.3896 uW

Information: report_power power group summary does not include estimated clock tree power. (PWR-789)

                 Internal         Switching           Leakage            Total
Power Group      Power            Power               Power              Power   (   %    )  Attrs
--------------------------------------------------------------------------------------------------
io_pad             0.0000            0.0000            0.0000            0.0000  (   0.00%)
memory             0.0000            0.0000            0.0000            0.0000  (   0.00%)
black_box          0.0000            0.0000            0.0000            0.0000  (   0.00%)
clock_network      0.0000            0.0000            0.0000            0.0000  (   0.00%)  i
register           0.0000            0.0000            0.0000            0.0000  (   0.00%)
sequential         0.0000            0.0000            0.0000            0.0000  (   0.00%)
combinational    202.4109           85.7530        2.7639e+08          564.5539  ( 100.00%)
--------------------------------------------------------------------------------------------------
Total            202.4109 uW        85.7530 uW     2.7639e+08 pW       564.5539 uW
1
