Information: Propagating switching activity (low effort zero delay simulation). (PWR-6)
Warning: Design has unannotated primary inputs. (PWR-414)
Warning: Design has unannotated sequential cell outputs. (PWR-415)
 
****************************************
Report : power
        -analysis_effort low
Design : SyncSequentialMultiplier
Version: U-2022.12-SP7
Date   : Sun Dec 24 12:11:27 2023
****************************************


Library(s) Used:

    NangateOpenCellLibrary_ss0p95vn40c (File: /home/user55/Documents/NangateOpenCellLibrary_PDKv1_3_v2010_12/lib/Front_End/Liberty/NLDM/NangateOpenCellLibrary_ss0p95vn40c.db)


Operating Conditions: worst_low   Library: NangateOpenCellLibrary_ss0p95vn40c
Wire Load Model Mode: top

Design        Wire Load Model            Library
------------------------------------------------
SyncSequentialMultiplier
                       5K_hvratio_1_1    NangateOpenCellLibrary_ss0p95vn40c


Global Operating Voltage = 0.95 
Power-specific unit information :
    Voltage Units = 1V
    Capacitance Units = 1.000000ff
    Time Units = 1ns
    Dynamic Power Units = 1uW    (derived from V,C,T units)
    Leakage Power Units = 1nW


Attributes
----------
i - Including register clock pin internal power


  Cell Internal Power  =  85.9975 uW   (63%)
  Net Switching Power  =  51.1596 uW   (37%)
                         ---------
Total Dynamic Power    = 137.1571 uW  (100%)

Cell Leakage Power     =  24.4395 uW


                 Internal         Switching           Leakage            Total
Power Group      Power            Power               Power              Power   (   %    )  Attrs
--------------------------------------------------------------------------------------------------
io_pad             0.0000            0.0000            0.0000            0.0000  (   0.00%)
memory             0.0000            0.0000            0.0000            0.0000  (   0.00%)
black_box          0.0000            0.0000            0.0000            0.0000  (   0.00%)
clock_network     27.3560            0.0000            0.0000           27.3560  (  16.93%)  i
register           7.8048            4.5013        2.1478e+03           14.4539  (   8.94%)
sequential         0.0000            0.0000            0.0000            0.0000  (   0.00%)
combinational     50.8367           46.6583        2.2292e+04          119.7869  (  74.13%)
--------------------------------------------------------------------------------------------------
Total             85.9975 uW        51.1596 uW     2.4440e+04 nW       161.5968 uW
1
